<?xml version="1.0" encoding="UTF-8"?>
<!-- Generated by org.testng.reporters.JUnitXMLReporter -->
<testsuite ignored="0" hostname="SATSWAIN-0WV6X" failures="0" tests="4" name="Default test" time="3.932" errors="0" timestamp="2020-12-16T00:21:19 IST">
  <testcase classname="com.qa.rest.tests.CuurencyRate" name="getExchangeRate" time="2.542"/>
  <testcase classname="com.qa.rest.tests.CuurencyRate" name="verifyParticularCountryExchangeValue" time="1.012"/>
  <testcase classname="com.qa.rest.tests.CuurencyRate" name="verifyParticularDateExchangeRate" time="0.149"/>
  <testcase classname="com.qa.rest.tests.CuurencyRate" name="verifyfutureDateExchangeRate" time="0.16"/>
</testsuite> <!-- Default test -->
