<?xml version="1.0" encoding="UTF-8"?>
<testng-results ignored="0" total="4" passed="4" failed="0" skipped="0">
  <reporter-output>
  </reporter-output>
  <suite started-at="2020-12-16T00:21:15 IST" name="Default suite" finished-at="2020-12-16T00:21:19 IST" duration-ms="3932">
    <groups>
    </groups>
    <test started-at="2020-12-16T00:21:15 IST" name="Default test" finished-at="2020-12-16T00:21:19 IST" duration-ms="3932">
      <class name="com.qa.rest.tests.CuurencyRate">
        <test-method signature="getExchangeRate()[pri:1, instance:com.qa.rest.tests.CuurencyRate@a38c7fe]" started-at="2020-12-16T00:21:15 IST" name="getExchangeRate" finished-at="2020-12-16T00:21:17 IST" duration-ms="2542" status="PASS">
          <reporter-output>
          </reporter-output>
        </test-method> <!-- getExchangeRate -->
        <test-method signature="verifyParticularCountryExchangeValue()[pri:2, instance:com.qa.rest.tests.CuurencyRate@a38c7fe]" started-at="2020-12-16T00:21:17 IST" name="verifyParticularCountryExchangeValue" finished-at="2020-12-16T00:21:18 IST" duration-ms="1012" status="PASS">
          <reporter-output>
          </reporter-output>
        </test-method> <!-- verifyParticularCountryExchangeValue -->
        <test-method signature="verifyParticularDateExchangeRate()[pri:3, instance:com.qa.rest.tests.CuurencyRate@a38c7fe]" started-at="2020-12-16T00:21:18 IST" name="verifyParticularDateExchangeRate" finished-at="2020-12-16T00:21:19 IST" duration-ms="149" status="PASS">
          <reporter-output>
          </reporter-output>
        </test-method> <!-- verifyParticularDateExchangeRate -->
        <test-method signature="verifyfutureDateExchangeRate()[pri:4, instance:com.qa.rest.tests.CuurencyRate@a38c7fe]" started-at="2020-12-16T00:21:19 IST" name="verifyfutureDateExchangeRate" finished-at="2020-12-16T00:21:19 IST" duration-ms="160" status="PASS">
          <reporter-output>
          </reporter-output>
        </test-method> <!-- verifyfutureDateExchangeRate -->
      </class> <!-- com.qa.rest.tests.CuurencyRate -->
    </test> <!-- Default test -->
  </suite> <!-- Default suite -->
</testng-results>
